<?xml version="1.0" encoding="UTF-8"?>
<!-- Generated by org.testng.reporters.JUnitXMLReporter -->
<testsuite ignored="0" hostname="DESKTOP-6VEAE9B" failures="0" tests="9" name="Test" time="106.947" errors="0" timestamp="2023-11-05T09:17:10 IST">
  <testcase classname="tests.MrsTest" name="loginTest" time="0.926"/>
  <testcase classname="tests.MrsTest" name="linkTest" time="5.086"/>
  <testcase classname="tests.MrsTest" name="currentUrl" time="3.082"/>
  <testcase classname="tests.MrsTest" name="clickTest" time="9.702"/>
  <testcase classname="tests.MrsTest" name="registerTest" time="3.622"/>
  <testcase classname="tests.MrsTest" name="validateDetails" time="1.153"/>
  <testcase classname="tests.MrsTest" name="birthTest" time="9.33"/>
  <testcase classname="tests.MrsTest" name="visitStart" time="17.209"/>
  <testcase classname="tests.MrsTest" name="infoLast" time="26.257"/>
</testsuite> <!-- Test -->
