<?xml version="1.0" encoding="UTF-8"?>
<testng-results ignored="0" total="9" passed="9" failed="0" skipped="0">
  <reporter-output>
  </reporter-output>
  <suite started-at="2023-11-05T09:15:23 IST" name="Suite" finished-at="2023-11-05T09:17:10 IST" duration-ms="106947">
    <groups>
    </groups>
    <test started-at="2023-11-05T09:15:23 IST" name="Test" finished-at="2023-11-05T09:17:10 IST" duration-ms="106947">
      <class name="tests.MrsTest">
        <test-method is-config="true" signature="setUp()[pri:0, instance:tests.MrsTest@4a003cbe]" started-at="2023-11-05T09:15:23 IST" name="setUp" finished-at="2023-11-05T09:15:50 IST" duration-ms="26637" status="PASS">
          <reporter-output>
          </reporter-output>
        </test-method> <!-- setUp -->
        <test-method signature="loginTest(java.lang.String,java.lang.String)[pri:0, instance:tests.MrsTest@4a003cbe]" started-at="2023-11-05T09:15:50 IST" name="loginTest" data-provider="setValues" finished-at="2023-11-05T09:15:51 IST" duration-ms="926" status="PASS">
          <params>
            <param index="0">
              <value>
                <![CDATA[Admin]]>
              </value>
            </param>
            <param index="1">
              <value>
                <![CDATA[Admin123]]>
              </value>
            </param>
          </params>
          <reporter-output>
          </reporter-output>
        </test-method> <!-- loginTest -->
        <test-method signature="linkTest()[pri:1, instance:tests.MrsTest@4a003cbe]" started-at="2023-11-05T09:15:51 IST" name="linkTest" finished-at="2023-11-05T09:15:56 IST" duration-ms="5086" status="PASS">
          <reporter-output>
          </reporter-output>
        </test-method> <!-- linkTest -->
        <test-method signature="currentUrl()[pri:2, instance:tests.MrsTest@4a003cbe]" started-at="2023-11-05T09:15:56 IST" name="currentUrl" finished-at="2023-11-05T09:15:59 IST" duration-ms="3082" status="PASS">
          <reporter-output>
          </reporter-output>
        </test-method> <!-- currentUrl -->
        <test-method signature="clickTest()[pri:3, instance:tests.MrsTest@4a003cbe]" started-at="2023-11-05T09:15:59 IST" name="clickTest" finished-at="2023-11-05T09:16:09 IST" duration-ms="9702" status="PASS">
          <reporter-output>
          </reporter-output>
        </test-method> <!-- clickTest -->
        <test-method signature="registerTest(java.lang.String,java.lang.String,java.lang.String,java.lang.String,java.lang.String,java.lang.String,java.lang.String)[pri:4, instance:tests.MrsTest@4a003cbe]" started-at="2023-11-05T09:16:09 IST" name="registerTest" finished-at="2023-11-05T09:16:13 IST" duration-ms="3622" status="PASS">
          <params>
            <param index="0">
              <value>
                <![CDATA[kutty]]>
              </value>
            </param>
            <param index="1">
              <value>
                <![CDATA[Tom]]>
              </value>
            </param>
            <param index="2">
              <value>
                <![CDATA[22]]>
              </value>
            </param>
            <param index="3">
              <value>
                <![CDATA[March]]>
              </value>
            </param>
            <param index="4">
              <value>
                <![CDATA[1996]]>
              </value>
            </param>
            <param index="5">
              <value>
                <![CDATA[Chennai]]>
              </value>
            </param>
            <param index="6">
              <value>
                <![CDATA[9629245644]]>
              </value>
            </param>
          </params>
          <reporter-output>
          </reporter-output>
        </test-method> <!-- registerTest -->
        <test-method signature="validateDetails()[pri:5, instance:tests.MrsTest@4a003cbe]" started-at="2023-11-05T09:16:13 IST" name="validateDetails" finished-at="2023-11-05T09:16:14 IST" duration-ms="1153" status="PASS">
          <reporter-output>
          </reporter-output>
        </test-method> <!-- validateDetails -->
        <test-method signature="birthTest()[pri:6, instance:tests.MrsTest@4a003cbe]" started-at="2023-11-05T09:16:14 IST" name="birthTest" finished-at="2023-11-05T09:16:23 IST" duration-ms="9330" status="PASS">
          <reporter-output>
          </reporter-output>
        </test-method> <!-- birthTest -->
        <test-method signature="visitStart(java.lang.String,java.lang.String)[pri:7, instance:tests.MrsTest@4a003cbe]" started-at="2023-11-05T09:16:23 IST" name="visitStart" finished-at="2023-11-05T09:16:40 IST" duration-ms="17209" status="PASS">
          <params>
            <param index="0">
              <value>
                <![CDATA[170.0]]>
              </value>
            </param>
            <param index="1">
              <value>
                <![CDATA[70.0]]>
              </value>
            </param>
          </params>
          <reporter-output>
          </reporter-output>
        </test-method> <!-- visitStart -->
        <test-method signature="infoLast()[pri:8, instance:tests.MrsTest@4a003cbe]" started-at="2023-11-05T09:16:40 IST" name="infoLast" finished-at="2023-11-05T09:17:07 IST" duration-ms="26257" status="PASS">
          <reporter-output>
          </reporter-output>
        </test-method> <!-- infoLast -->
        <test-method is-config="true" signature="end()[pri:0, instance:tests.MrsTest@4a003cbe]" started-at="2023-11-05T09:17:07 IST" name="end" finished-at="2023-11-05T09:17:10 IST" duration-ms="3603" status="PASS">
          <reporter-output>
          </reporter-output>
        </test-method> <!-- end -->
      </class> <!-- tests.MrsTest -->
    </test> <!-- Test -->
  </suite> <!-- Suite -->
</testng-results>
